生成启动时间为 2018/7/17 14:30:59。
     1>项目“E:\github\Struct\test\test\test\test.vcxproj”在节点 2 上(Build 个目标)。
     1>ClCompile:
         D:\vs2013\VC\bin\CL.exe /c /ZI /nologo /W3 /WX- /sdl /Od /Oy- /D WIN32 /D _DEBUG /D _CONSOLE /D _LIB /D _UNICODE /D UNICODE /Gm /EHsc /RTC1 /MDd /GS /fp:precise /Zc:wchar_t /Zc:forScope /Yu"stdafx.h" /Fp"Debug\test.pch" /Fo"Debug\\" /Fd"Debug\vc120.pdb" /Gd /TP /analyze- /errorReport:prompt test.cpp
         test.cpp
     1>e:\github\struct\test\test\test\test.cpp(13): error C2782: “std::basic_string<_Elem,_Traits,_Alloc> std::operator +(std::basic_string<_Elem,_Traits,_Alloc> &&,const _Elem)”: 模板 参数“_Elem”不明确
                 d:\vs2013\vc\include\xstring(2455) : 参见“std::operator +”的声明
                 可能是“int”
                 或       “char”
     1>e:\github\struct\test\test\test\test.cpp(13): error C2784: “std::basic_string<_Elem,_Traits,_Alloc> std::operator +(std::basic_string<_Elem,_Traits,_Alloc> &&,const _Elem *)”: 未能从“int”为“const _Elem *”推导 模板 参数
                 d:\vs2013\vc\include\xstring(2445) : 参见“std::operator +”的声明
     1>e:\github\struct\test\test\test\test.cpp(13): error C2784: “std::basic_string<_Elem,_Traits,_Alloc> std::operator +(const _Elem,std::basic_string<_Elem,_Traits,_Alloc> &&)”: 未能从“int”为“std::basic_string<_Elem,_Traits,_Alloc> &&”推导 模板 参数
                 d:\vs2013\vc\include\xstring(2435) : 参见“std::operator +”的声明
     1>e:\github\struct\test\test\test\test.cpp(13): error C2784: “std::basic_string<_Elem,_Traits,_Alloc> std::operator +(const _Elem *,std::basic_string<_Elem,_Traits,_Alloc> &&)”: 未能从“std::string”为“const _Elem *”推导 模板 参数
                 d:\vs2013\vc\include\xstring(2425) : 参见“std::operator +”的声明
     1>e:\github\struct\test\test\test\test.cpp(13): error C2784: “std::basic_string<_Elem,_Traits,_Alloc> std::operator +(std::basic_string<_Elem,_Traits,_Alloc> &&,std::basic_string<_Elem,_Traits,_Alloc> &&)”: 未能从“int”为“std::basic_string<_Elem,_Traits,_Alloc> &&”推导 模板 参数
                 d:\vs2013\vc\include\xstring(2411) : 参见“std::operator +”的声明
     1>e:\github\struct\test\test\test\test.cpp(13): error C2784: “std::basic_string<_Elem,_Traits,_Alloc> std::operator +(std::basic_string<_Elem,_Traits,_Alloc> &&,const std::basic_string<_Elem,_Traits,_Alloc> &)”: 未能从“int”为“const std::basic_string<_Elem,_Traits,_Alloc> &”推导 模板 参数
                 d:\vs2013\vc\include\xstring(2401) : 参见“std::operator +”的声明
     1>e:\github\struct\test\test\test\test.cpp(13): error C2784: “std::basic_string<_Elem,_Traits,_Alloc> std::operator +(const std::basic_string<_Elem,_Traits,_Alloc> &,std::basic_string<_Elem,_Traits,_Alloc> &&)”: 未能从“int”为“std::basic_string<_Elem,_Traits,_Alloc> &&”推导 模板 参数
                 d:\vs2013\vc\include\xstring(2391) : 参见“std::operator +”的声明
     1>e:\github\struct\test\test\test\test.cpp(13): error C2782: “std::basic_string<_Elem,_Traits,_Alloc> std::operator +(const std::basic_string<_Elem,_Traits,_Alloc> &,const _Elem)”: 模板 参数“_Elem”不明确
                 d:\vs2013\vc\include\xstring(2377) : 参见“std::operator +”的声明
                 可能是“int”
                 或       “char”
     1>e:\github\struct\test\test\test\test.cpp(13): error C2784: “std::basic_string<_Elem,_Traits,_Alloc> std::operator +(const std::basic_string<_Elem,_Traits,_Alloc> &,const _Elem *)”: 未能从“int”为“const _Elem *”推导 模板 参数
                 d:\vs2013\vc\include\xstring(2363) : 参见“std::operator +”的声明
     1>e:\github\struct\test\test\test\test.cpp(13): error C2784: “std::basic_string<_Elem,_Traits,_Alloc> std::operator +(const _Elem,const std::basic_string<_Elem,_Traits,_Alloc> &)”: 未能从“int”为“const std::basic_string<_Elem,_Traits,_Alloc> &”推导 模板 参数
                 d:\vs2013\vc\include\xstring(2349) : 参见“std::operator +”的声明
     1>e:\github\struct\test\test\test\test.cpp(13): error C2784: “std::basic_string<_Elem,_Traits,_Alloc> std::operator +(const _Elem *,const std::basic_string<_Elem,_Traits,_Alloc> &)”: 未能从“std::string”为“const _Elem *”推导 模板 参数
                 d:\vs2013\vc\include\xstring(2335) : 参见“std::operator +”的声明
     1>e:\github\struct\test\test\test\test.cpp(13): error C2784: “std::basic_string<_Elem,_Traits,_Alloc> std::operator +(const std::basic_string<_Elem,_Traits,_Alloc> &,const std::basic_string<_Elem,_Traits,_Alloc> &)”: 未能从“int”为“const std::basic_string<_Elem,_Traits,_Alloc> &”推导 模板 参数
                 d:\vs2013\vc\include\xstring(2321) : 参见“std::operator +”的声明
     1>e:\github\struct\test\test\test\test.cpp(13): error C2784: “std::_String_iterator<_Mystr> std::operator +(_String_iterator<_Mystr>::difference_type,std::_String_iterator<_Mystr>)”: 未能从“int”为“std::_String_iterator<_Mystr>”推导 模板 参数
                 d:\vs2013\vc\include\xstring(420) : 参见“std::operator +”的声明
     1>e:\github\struct\test\test\test\test.cpp(13): error C2784: “std::_String_const_iterator<_Mystr> std::operator +(_String_const_iterator<_Mystr>::difference_type,std::_String_const_iterator<_Mystr>)”: 未能从“int”为“std::_String_const_iterator<_Mystr>”推导 模板 参数
                 d:\vs2013\vc\include\xstring(288) : 参见“std::operator +”的声明
     1>e:\github\struct\test\test\test\test.cpp(13): error C2784: “std::move_iterator<_RanIt> std::operator +(_Diff,const std::move_iterator<_RanIt> &)”: 未能从“int”为“const std::move_iterator<_RanIt> &”推导 模板 参数
                 d:\vs2013\vc\include\xutility(1961) : 参见“std::operator +”的声明
     1>e:\github\struct\test\test\test\test.cpp(13): error C2784: “std::_Array_iterator<_Ty,_Size> std::operator +(_Array_iterator<_Ty,_Size>::difference_type,std::_Array_iterator<_Ty,_Size>)”: 未能从“int”为“std::_Array_iterator<_Ty,_Size>”推导 模板 参数
                 d:\vs2013\vc\include\xutility(1815) : 参见“std::operator +”的声明
     1>e:\github\struct\test\test\test\test.cpp(13): error C2784: “std::_Array_const_iterator<_Ty,_Size> std::operator +(_Array_const_iterator<_Ty,_Size>::difference_type,std::_Array_const_iterator<_Ty,_Size>)”: 未能从“int”为“std::_Array_const_iterator<_Ty,_Size>”推导 模板 参数
                 d:\vs2013\vc\include\xutility(1676) : 参见“std::operator +”的声明
     1>e:\github\struct\test\test\test\test.cpp(13): error C2784: “std::reverse_iterator<_RanIt> std::operator +(_Diff,const std::reverse_iterator<_RanIt> &)”: 未能从“int”为“const std::reverse_iterator<_RanIt> &”推导 模板 参数
                 d:\vs2013\vc\include\xutility(1122) : 参见“std::operator +”的声明
     1>e:\github\struct\test\test\test\test.cpp(13): error C2784: “std::_Revranit<_RanIt,_Base> std::operator +(_Diff,const std::_Revranit<_RanIt,_Base> &)”: 未能从“int”为“const std::_Revranit<_RanIt,_Base> &”推导 模板 参数
                 d:\vs2013\vc\include\xutility(927) : 参见“std::operator +”的声明
     1>e:\github\struct\test\test\test\test.cpp(13): error C2676: 二进制“+”:“std::string”不定义该运算符或到预定义运算符可接收的类型的转换
     1>已完成生成项目“E:\github\Struct\test\test\test\test.vcxproj”(Build 个目标)的操作 - 失败。

生成失败。

已用时间 00:00:00.32
